\BOOKMARK [1][-]{section.1}{Judaism}{}% 1
\BOOKMARK [2][-]{subsection.1.1}{Abraham Isaac Kook}{section.1}% 2
\BOOKMARK [3][-]{subsubsection.1.1.1}{Spiritual perspectives}{subsection.1.1}% 3
\BOOKMARK [3][-]{subsubsection.1.1.2}{Similarities}{subsection.1.1}% 4
\BOOKMARK [3][-]{subsubsection.1.1.3}{Differences}{subsection.1.1}% 5
\BOOKMARK [1][-]{section.2}{Christianity}{}% 6
\BOOKMARK [2][-]{subsection.2.1}{Thomas A. Kempis}{section.2}% 7
\BOOKMARK [3][-]{subsubsection.2.1.1}{Spiritual perspectives}{subsection.2.1}% 8
\BOOKMARK [3][-]{subsubsection.2.1.2}{Similarities}{subsection.2.1}% 9
\BOOKMARK [3][-]{subsubsection.2.1.3}{Differences}{subsection.2.1}% 10
\BOOKMARK [1][-]{section.3}{Hinduism}{}% 11
\BOOKMARK [2][-]{subsection.3.1}{Kabir}{section.3}% 12
\BOOKMARK [3][-]{subsubsection.3.1.1}{Spiritual perspectives}{subsection.3.1}% 13
\BOOKMARK [3][-]{subsubsection.3.1.2}{Similarities}{subsection.3.1}% 14
\BOOKMARK [3][-]{subsubsection.3.1.3}{Differences}{subsection.3.1}% 15
\BOOKMARK [1][-]{section.4}{Buddhism}{}% 16
\BOOKMARK [2][-]{subsection.4.1}{Sutta Nipata}{section.4}% 17
\BOOKMARK [3][-]{subsubsection.4.1.1}{Spiritual perspectives}{subsection.4.1}% 18
\BOOKMARK [3][-]{subsubsection.4.1.2}{Similarities}{subsection.4.1}% 19
\BOOKMARK [3][-]{subsubsection.4.1.3}{Differences}{subsection.4.1}% 20
\BOOKMARK [1][-]{section.5}{Surfism}{}% 21
\BOOKMARK [2][-]{subsection.5.1}{Jalal ad-Din Muḥammad Rumi }{section.5}% 22
\BOOKMARK [3][-]{subsubsection.5.1.1}{Spiritual perspectives}{subsection.5.1}% 23
\BOOKMARK [3][-]{subsubsection.5.1.2}{Similarities}{subsection.5.1}% 24
\BOOKMARK [3][-]{subsubsection.5.1.3}{Differences}{subsection.5.1}% 25
\BOOKMARK [1][-]{section.6}{Native American Shamanism}{}% 26
\BOOKMARK [2][-]{subsection.6.1}{Great Spirit}{section.6}% 27
\BOOKMARK [3][-]{subsubsection.6.1.1}{Spiritual perspectives}{subsection.6.1}% 28
\BOOKMARK [3][-]{subsubsection.6.1.2}{Similarities}{subsection.6.1}% 29
\BOOKMARK [3][-]{subsubsection.6.1.3}{Differences}{subsection.6.1}% 30
\BOOKMARK [1][-]{subsubsection.6.1.3}{References}{}% 31
